2025-11-06 14:02:32,315 - __main__ - ERROR - Error loading VEP config: [Errno 2] No such file or directory: 'vep_config.yaml'
2025-11-06 14:02:32,315 - __main__ - INFO - Starting ACMG SF v3.3 analysis for family TEST_FAMILY
2025-11-06 14:02:32,397 - vcf_processor - WARNING - VEP not found, proceeding without annotation
2025-11-06 14:02:32,398 - vcf_processor - INFO - Loading proband variants from proband_test.vcf
2025-11-06 14:02:32,398 - vcf_processor - ERROR - Error loading trio data: [Errno 2] could not open variant file `b'proband_test.vcf'`: No such file or directory
2025-11-06 14:02:32,398 - __main__ - ERROR - Error loading trio data: [Errno 2] could not open variant file `b'proband_test.vcf'`: No such file or directory
2025-11-06 14:02:32,398 - __main__ - ERROR - Error in trio processing: [Errno 2] could not open variant file `b'proband_test.vcf'`: No such file or directory
2025-11-06 14:02:32,399 - __main__ - ERROR - Analysis failed: [Errno 2] could not open variant file `b'proband_test.vcf'`: No such file or directory
2025-11-06 14:05:29,290 - __main__ - ERROR - Error loading VEP config: [Errno 2] No such file or directory: 'vep_config.yaml'
2025-11-06 14:05:29,291 - __main__ - INFO - Starting ACMG SF v3.3 analysis for family TEST_FAMILY
2025-11-06 14:05:29,323 - vcf_processor - WARNING - VEP not found, proceeding without annotation
2025-11-06 14:05:29,323 - vcf_processor - INFO - Loading proband variants from proband_test.vcf
2025-11-06 14:05:29,323 - vcf_processor - ERROR - Error loading trio data: [Errno 2] could not open variant file `b'proband_test.vcf'`: No such file or directory
2025-11-06 14:05:29,324 - __main__ - ERROR - Error loading trio data: [Errno 2] could not open variant file `b'proband_test.vcf'`: No such file or directory
2025-11-06 14:05:29,324 - __main__ - ERROR - Error in trio processing: [Errno 2] could not open variant file `b'proband_test.vcf'`: No such file or directory
2025-11-06 14:05:29,324 - __main__ - ERROR - Analysis failed: [Errno 2] could not open variant file `b'proband_test.vcf'`: No such file or directory
2025-11-06 14:10:18,863 - __main__ - ERROR - Error loading VEP config: [Errno 2] No such file or directory: 'vep_config.yaml'
2025-11-06 14:10:18,864 - __main__ - INFO - Starting ACMG SF v3.3 analysis for family TEST_FAMILY
2025-11-06 14:10:18,902 - vcf_processor - WARNING - VEP not found, proceeding without annotation
2025-11-06 14:10:18,902 - vcf_processor - INFO - Loading proband variants from proband_test.vcf
2025-11-06 14:10:18,903 - vcf_processor - ERROR - Error loading trio data: [Errno 2] could not open variant file `b'proband_test.vcf'`: No such file or directory
2025-11-06 14:10:18,903 - __main__ - ERROR - Error loading trio data: [Errno 2] could not open variant file `b'proband_test.vcf'`: No such file or directory
2025-11-06 14:10:18,903 - __main__ - ERROR - Error in trio processing: [Errno 2] could not open variant file `b'proband_test.vcf'`: No such file or directory
2025-11-06 14:10:18,903 - __main__ - ERROR - Analysis failed: [Errno 2] could not open variant file `b'proband_test.vcf'`: No such file or directory
2025-11-06 14:16:15,897 - __main__ - ERROR - Error loading VEP config: [Errno 2] No such file or directory: 'vep_config.yaml'
2025-11-06 14:16:15,898 - __main__ - INFO - Starting ACMG SF v3.3 analysis for family TEST_FAMILY
2025-11-06 14:16:15,938 - vcf_processor - WARNING - VEP не доступен, аннотация отключена
2025-11-06 14:16:15,938 - vcf_processor - INFO - Загрузка вариантов пробанда из proband_test.vcf
2025-11-06 14:16:15,938 - vcf_processor - INFO - ✅ Найден VCF файл: /mnt/FS_CCU/ngs-data/smk/users/anna/ACMG_SF_Analyzer/data/proband_test.vcf
2025-11-06 14:16:16,006 - vcf_processor - INFO - VCF процессор инициализирован для /mnt/FS_CCU/ngs-data/smk/users/anna/ACMG_SF_Analyzer/data/proband_test.vcf
2025-11-06 14:16:16,008 - vcf_processor - ERROR - Ошибка чтения вариантов для proband1: Argument 'other' has incorrect type (expected pysam.libcbcf.VariantRecordFilter, got list)
2025-11-06 14:16:16,008 - vcf_processor - INFO - Загрузка вариантов матери из mother_test.vcf
2025-11-06 14:16:16,009 - vcf_processor - INFO - ✅ Найден VCF файл: /mnt/FS_CCU/ngs-data/smk/users/anna/ACMG_SF_Analyzer/data/mother_test.vcf
2025-11-06 14:16:16,039 - vcf_processor - INFO - VCF процессор инициализирован для /mnt/FS_CCU/ngs-data/smk/users/anna/ACMG_SF_Analyzer/data/mother_test.vcf
2025-11-06 14:16:16,039 - vcf_processor - ERROR - Ошибка чтения вариантов для mother1: Argument 'other' has incorrect type (expected pysam.libcbcf.VariantRecordFilter, got list)
2025-11-06 14:16:16,040 - vcf_processor - INFO - Загрузка вариантов отца из father_test.vcf
2025-11-06 14:16:16,040 - vcf_processor - INFO - ✅ Найден VCF файл: /mnt/FS_CCU/ngs-data/smk/users/anna/ACMG_SF_Analyzer/data/father_test.vcf
2025-11-06 14:16:16,115 - vcf_processor - INFO - VCF процессор инициализирован для /mnt/FS_CCU/ngs-data/smk/users/anna/ACMG_SF_Analyzer/data/father_test.vcf
2025-11-06 14:16:16,116 - vcf_processor - ERROR - Ошибка чтения вариантов для father1: Argument 'other' has incorrect type (expected pysam.libcbcf.VariantRecordFilter, got list)
2025-11-06 14:16:16,116 - vcf_processor - INFO - Данные трио успешно загружены для семьи TEST_FAMILY
2025-11-06 14:16:16,116 - vcf_processor - INFO - Пробанд: 0 вариантов, пол: unknown
2025-11-06 14:16:16,116 - vcf_processor - INFO - Мать: 0 вариантов
2025-11-06 14:16:16,116 - vcf_processor - INFO - Отец: 0 вариантов
2025-11-06 14:16:16,116 - __main__ - INFO - Successfully loaded trio data: 0 variants in proband
2025-11-06 14:16:16,116 - __main__ - INFO - Found 0 variants in ACMG SF v3.3 genes
2025-11-06 14:16:16,116 - __main__ - INFO - Annotating variants with VEP and external APIs...
2025-11-06 14:16:16,116 - __main__ - INFO - Analysis completed: 0 automated, 0 manual review
2025-11-06 14:16:16,118 - __main__ - ERROR - Error generating reports: division by zero
2025-11-07 16:10:12,518 - __main__ - ERROR - Error loading VEP config: [Errno 2] No such file or directory: 'vep_config.yaml'
2025-11-07 16:10:12,562 - __main__ - INFO - Starting ACMG SF v3.3 analysis for family TEST_FAMILY
2025-11-07 16:10:12,620 - __main__ - ERROR - Error loading trio data: (unicode error) 'utf-8' codec can't decode byte 0xed in position 0: invalid continuation byte (vcf_processor.py, line 163)
2025-11-07 16:10:12,620 - __main__ - ERROR - Error in trio processing: (unicode error) 'utf-8' codec can't decode byte 0xed in position 0: invalid continuation byte (vcf_processor.py, line 163)
2025-11-07 16:10:12,620 - __main__ - ERROR - Analysis failed: (unicode error) 'utf-8' codec can't decode byte 0xed in position 0: invalid continuation byte (vcf_processor.py, line 163)
2025-11-07 16:10:53,614 - __main__ - ERROR - Error loading VEP config: [Errno 2] No such file or directory: 'vep_config.yaml'
2025-11-07 16:10:53,615 - __main__ - INFO - Starting ACMG SF v3.3 analysis for family TEST_FAMILY
2025-11-07 16:10:53,617 - __main__ - ERROR - Error loading trio data: (unicode error) 'utf-8' codec can't decode byte 0xed in position 0: invalid continuation byte (vcf_processor.py, line 163)
2025-11-07 16:10:53,617 - __main__ - ERROR - Error in trio processing: (unicode error) 'utf-8' codec can't decode byte 0xed in position 0: invalid continuation byte (vcf_processor.py, line 163)
2025-11-07 16:10:53,617 - __main__ - ERROR - Analysis failed: (unicode error) 'utf-8' codec can't decode byte 0xed in position 0: invalid continuation byte (vcf_processor.py, line 163)
2025-11-07 16:13:39,091 - __main__ - ERROR - Error loading VEP config: [Errno 2] No such file or directory: 'vep_config.yaml'
2025-11-07 16:13:39,091 - __main__ - INFO - Starting ACMG SF v3.3 analysis for family TEST_FAMILY
2025-11-07 16:13:39,092 - __main__ - ERROR - Error loading trio data: invalid syntax (vcf_processor.py, line 2)
2025-11-07 16:13:39,092 - __main__ - ERROR - Error in trio processing: invalid syntax (vcf_processor.py, line 2)
2025-11-07 16:13:39,092 - __main__ - ERROR - Analysis failed: invalid syntax (vcf_processor.py, line 2)
2025-11-07 16:14:20,890 - __main__ - ERROR - Error loading VEP config: [Errno 2] No such file or directory: 'vep_config.yaml'
2025-11-07 16:14:20,891 - __main__ - INFO - Starting ACMG SF v3.3 analysis for family TEST_FAMILY
2025-11-07 16:14:20,891 - __main__ - ERROR - Error loading trio data: invalid syntax (vcf_processor.py, line 2)
2025-11-07 16:14:20,891 - __main__ - ERROR - Error in trio processing: invalid syntax (vcf_processor.py, line 2)
2025-11-07 16:14:20,892 - __main__ - ERROR - Analysis failed: invalid syntax (vcf_processor.py, line 2)
2025-11-07 16:43:13,855 - __main__ - INFO - Запуск ACMG SF v3.3 анализа для семьи TEST_FAMILY
2025-11-07 16:43:13,886 - __main__ - INFO - Загрузка данных трио для семьи TEST_FAMILY
2025-11-07 16:43:13,894 - vcf_processor_fixed - INFO - Loading trio data with fixed processor...
2025-11-07 16:43:13,895 - vcf_processor_fixed - INFO - VCF loader initialized for ../data/proband_test.vcf
2025-11-07 16:43:13,895 - vcf_processor_fixed - INFO - Loaded 2 variants for proband1
2025-11-07 16:43:13,895 - vcf_processor_fixed - INFO - VCF loader initialized for ../data/mother_test.vcf
2025-11-07 16:43:13,895 - vcf_processor_fixed - INFO - Loaded 1 variants for mother1
2025-11-07 16:43:13,896 - vcf_processor_fixed - INFO - VCF loader initialized for ../data/father_test.vcf
2025-11-07 16:43:13,896 - vcf_processor_fixed - INFO - Loaded 1 variants for father1
2025-11-07 16:43:13,896 - vcf_processor_fixed - INFO - ✅ Trio data loaded successfully
2025-11-07 16:43:13,896 - vcf_processor_fixed - INFO -    Proband: 2 variants
2025-11-07 16:43:13,896 - vcf_processor_fixed - INFO -    Mother: 1 variants
2025-11-07 16:43:13,896 - vcf_processor_fixed - INFO -    Father: 1 variants
2025-11-07 16:43:13,896 - __main__ - INFO - Успешно загружены данные трио: 2 вариантов у пробанда
2025-11-07 16:43:13,896 - __main__ - INFO - Найдено 2 вариантов в генах ACMG SF v3.3
2025-11-07 16:43:13,896 - __main__ - INFO - Анализ завершен: 2 автоматических, 0 на ручную проверку
2025-11-07 16:43:13,898 - __main__ - INFO - Отчеты сгенерированы в директории ../results/
2025-11-16 22:04:07,633 - __main__ - INFO - Запуск ACMG SF v3.3 анализа для семьи FAM_001
2025-11-16 22:04:08,348 - __main__ - INFO - Загрузка данных трио для семьи FAM_001
2025-11-16 22:04:08,409 - vcf_processor_fixed - INFO - Loading trio data with fixed processor...
2025-11-16 22:04:08,409 - vcf_processor_fixed - ERROR - ❌ Failed to load trio: VCF not found: ../data/proband.vcf.gz
2025-11-16 22:04:08,409 - __main__ - ERROR - Ошибка загрузки данных трио: VCF not found: ../data/proband.vcf.gz
2025-11-16 22:04:08,409 - __main__ - ERROR - Ошибка обработки трио: VCF not found: ../data/proband.vcf.gz
2025-11-16 22:04:08,409 - __main__ - ERROR - Анализ завершился ошибкой: VCF not found: ../data/proband.vcf.gz
2025-11-16 22:04:37,659 - __main__ - INFO - Запуск ACMG SF v3.3 анализа для семьи FAM_001
2025-11-16 22:04:37,682 - __main__ - INFO - Загрузка данных трио для семьи FAM_001
2025-11-16 22:04:37,685 - vcf_processor_fixed - INFO - Loading trio data with fixed processor...
2025-11-16 22:04:37,686 - vcf_processor_fixed - ERROR - ❌ Failed to load trio: VCF not found: ../data/proband.vcf
2025-11-16 22:04:37,686 - __main__ - ERROR - Ошибка загрузки данных трио: VCF not found: ../data/proband.vcf
2025-11-16 22:04:37,686 - __main__ - ERROR - Ошибка обработки трио: VCF not found: ../data/proband.vcf
2025-11-16 22:04:37,686 - __main__ - ERROR - Анализ завершился ошибкой: VCF not found: ../data/proband.vcf
2025-11-16 22:05:27,675 - __main__ - INFO - Запуск ACMG SF v3.3 анализа для семьи FAM_001
2025-11-16 22:05:27,699 - __main__ - INFO - Загрузка данных трио для семьи FAM_001
2025-11-16 22:05:27,702 - vcf_processor_fixed - INFO - Loading trio data with fixed processor...
2025-11-16 22:05:27,707 - vcf_processor_fixed - INFO - VCF loader initialized for ../data/proband_test.vcf
2025-11-16 22:05:27,708 - vcf_processor_fixed - ERROR - Error loading variants for PATIENT_001: unable to parse next record
2025-11-16 22:05:27,709 - vcf_processor_fixed - INFO - VCF loader initialized for ../data/mother_test.vcf
2025-11-16 22:05:27,709 - vcf_processor_fixed - ERROR - Error loading variants for MOTHER_001: unable to parse next record
2025-11-16 22:05:27,709 - vcf_processor_fixed - INFO - VCF loader initialized for ../data/father_test.vcf
2025-11-16 22:05:27,710 - vcf_processor_fixed - ERROR - Error loading variants for FATHER_001: unable to parse next record
2025-11-16 22:05:27,710 - vcf_processor_fixed - INFO - ✅ Trio data loaded successfully
2025-11-16 22:05:27,710 - vcf_processor_fixed - INFO -    Proband: 0 variants
2025-11-16 22:05:27,710 - vcf_processor_fixed - INFO -    Mother: 0 variants
2025-11-16 22:05:27,710 - vcf_processor_fixed - INFO -    Father: 0 variants
2025-11-16 22:05:27,711 - __main__ - INFO - Успешно загружены данные трио: 0 вариантов у пробанда
2025-11-16 22:05:27,711 - __main__ - INFO - Найдено 0 вариантов в генах ACMG SF v3.3
2025-11-16 22:05:27,711 - __main__ - WARNING - Не найдено вариантов в генах ACMG SF v3.3
2025-11-16 22:05:27,712 - __main__ - INFO - Отчеты сгенерированы в директории results_fam_001/
2025-11-16 22:14:59,843 - __main__ - INFO - Запуск ACMG SF v3.3 анализа для семьи FAM_001
2025-11-16 22:14:59,850 - __main__ - ERROR - Ошибка загрузки данных трио: cannot import name 'load_trio_fixed' from 'vcf_processor_fixed' (/mnt/FS_CCU/ngs-data/smk/users/anna/ACMG_SF_Analyzer/scripts/vcf_processor_fixed.py)
2025-11-16 22:14:59,850 - __main__ - ERROR - Ошибка обработки трио: cannot import name 'load_trio_fixed' from 'vcf_processor_fixed' (/mnt/FS_CCU/ngs-data/smk/users/anna/ACMG_SF_Analyzer/scripts/vcf_processor_fixed.py)
2025-11-16 22:14:59,850 - __main__ - ERROR - Анализ завершился ошибкой: cannot import name 'load_trio_fixed' from 'vcf_processor_fixed' (/mnt/FS_CCU/ngs-data/smk/users/anna/ACMG_SF_Analyzer/scripts/vcf_processor_fixed.py)
2025-11-16 22:18:36,561 - __main__ - INFO - Запуск ACMG SF v3.3 анализа для семьи FAM_001
2025-11-16 22:18:36,592 - __main__ - INFO - Загрузка данных трио для семьи FAM_001
2025-11-16 22:18:36,615 - vcf_processor_fixed - INFO - Loading trio data with simple processor...
2025-11-16 22:18:43,762 - vcf_processor_fixed - INFO - Loaded 910967 variants for PATIENT_001
2025-11-16 22:18:52,196 - vcf_processor_fixed - INFO - Loaded 919798 variants for MOTHER_001
2025-11-16 22:18:59,043 - vcf_processor_fixed - INFO - Loaded 946591 variants for FATHER_001
2025-11-16 22:18:59,043 - vcf_processor_fixed - INFO - ✅ Trio data loaded successfully
2025-11-16 22:18:59,043 - vcf_processor_fixed - INFO -    Proband: 910967 variants
2025-11-16 22:18:59,043 - vcf_processor_fixed - INFO -    Mother: 919798 variants
2025-11-16 22:18:59,043 - vcf_processor_fixed - INFO -    Father: 946591 variants
2025-11-16 22:18:59,043 - __main__ - INFO - Успешно загружены данные трио: 910967 вариантов у пробанда
2025-11-16 22:18:59,184 - __main__ - INFO - Найдено 2033 вариантов в генах ACMG SF v3.3
2025-11-16 22:18:59,191 - __main__ - INFO - Анализ завершен: 2033 автоматических, 0 на ручную проверку
2025-11-16 22:18:59,639 - __main__ - INFO - Отчеты сгенерированы в директории results_fam_001/
